Arguments: 
  C:\Program Files\nodejs\node.exe C:\Users\DKI\AppData\Roaming\npm\node_modules\yarn\bin\yarn.js self -update

PATH: 
  C:\ProgramData\Oracle\Java\javapath;C:\Program Files (x86)\Intel\iCLS Client\;C:\Program Files\Intel\iCLS Client\;C:\Windows\system32;C:\Windows;C:\Windows\System32\Wbem;C:\Windows\System32\WindowsPowerShell\v1.0\;C:\Program Files\Intel\Intel(R) Management Engine Components\DAL;C:\Program Files\Intel\Intel(R) Management Engine Components\IPT;C:\Program Files (x86)\Intel\Intel(R) Management Engine Components\DAL;C:\Program Files (x86)\Intel\Intel(R) Management Engine Components\IPT;C:\Program Files (x86)\NVIDIA Corporation\PhysX\Common;C:\Program Files\TortoiseSVN\bin;C:\Program Files (x86)\PuTTY\;C:\Program Files (x86)\Skype\Phone\;C:\Program Files (x86)\ZeinSoft\ComVoy\2.0\agent;C:\Program Files\nodejs\;C:\Program Files\Git\cmd;C:\Program Files\MySQL\MySQL Utilities 1.6\;C:\Program Files\OpenVPN\bin;C:\Program Files (x86)\Brackets\command;C:\Program Files\dotnet\;C:\Program Files\Microsoft SQL Server\130\Tools\Binn\;C:\Users\DKI\AppData\Roaming\npm;C:\Users\DKI\AppData\Local\atom\bin

Yarn version: 
  1.5.1

Node version: 
  7.10.0

Platform: 
  win32 x64

npm manifest: 
  {
    "name": "reactjs",
    "version": "1.0.0",
    "description": "react",
    "main": "index.js",
    "scripts": {
      "test": "test"
    },
    "repository": {
      "type": "git",
      "url": "git+https://github.com/zerobim7/reactjs.git"
    },
    "keywords": [
      "reactjs"
    ],
    "author": "none",
    "license": "ISC",
    "bugs": {
      "url": "https://github.com/zerobim7/reactjs/issues"
    },
    "homepage": "https://github.com/zerobim7/reactjs#readme"
  }

yarn manifest: 
  No manifest

Lockfile: 
  No lockfile

Trace: 
  Error: Command "self" not found.
      at new MessageError (C:\Users\DKI\AppData\Roaming\npm\node_modules\yarn\lib\cli.js:186:110)
      at C:\Users\DKI\AppData\Roaming\npm\node_modules\yarn\lib\cli.js:87307:17
      at Generator.next (<anonymous>)
      at step (C:\Users\DKI\AppData\Roaming\npm\node_modules\yarn\lib\cli.js:98:30)
      at C:\Users\DKI\AppData\Roaming\npm\node_modules\yarn\lib\cli.js:116:14
      at F (C:\Users\DKI\AppData\Roaming\npm\node_modules\yarn\lib\cli.js:23451:28)
      at C:\Users\DKI\AppData\Roaming\npm\node_modules\yarn\lib\cli.js:95:12
      at runCommand (C:\Users\DKI\AppData\Roaming\npm\node_modules\yarn\lib\cli.js:87312:22)
      at Object.<anonymous> (C:\Users\DKI\AppData\Roaming\npm\node_modules\yarn\lib\cli.js:87412:14)
      at Generator.next (<anonymous>)
